<?xml version="1.0" encoding="UTF-8"?>
<!-- Generated by org.testng.reporters.JUnitReportReporter -->
<testsuite hostname="com-umesh" name="Com.LearnMaven.NewTest2" tests="3" failures="0" timestamp="7 Dec 2018 19:43:15 GMT" time="0.005" errors="0">
  <testcase name="RUN12" time="0.002" classname="Com.LearnMaven.NewTest2"/>
  <testcase name="RUN3" time="0.002" classname="Com.LearnMaven.NewTest2"/>
  <testcase name="RUN1" time="0.001" classname="Com.LearnMaven.NewTest2"/>
</testsuite> <!-- Com.LearnMaven.NewTest2 -->
