<?xml version="1.0" encoding="UTF-8"?>
<!-- Generated by org.testng.reporters.JUnitReportReporter -->
<testsuite hostname="com-umesh" name="Com.LearnMaven.NewTest2" tests="3" failures="0" timestamp="19 Feb 2019 18:04:58 GMT" time="0.080" errors="0">
  <testcase name="RUN1" time="0.029" classname="Com.LearnMaven.NewTest2"/>
  <testcase name="RUN3" time="0.046" classname="Com.LearnMaven.NewTest2"/>
  <testcase name="RUN12" time="0.005" classname="Com.LearnMaven.NewTest2"/>
</testsuite> <!-- Com.LearnMaven.NewTest2 -->
