<?xml version="1.0" encoding="UTF-8"?>
<!-- Generated by org.testng.reporters.JUnitReportReporter -->
<testsuite hostname="com-umesh" name="Com.LearnMaven.NewTest" tests="4" failures="0" timestamp="7 Dec 2018 19:45:39 GMT" time="0.022" errors="0">
  <testcase name="RUN12" time="0.007" classname="Com.LearnMaven.NewTest"/>
  <testcase name="RUN4" time="0.001" classname="Com.LearnMaven.NewTest"/>
  <testcase name="RUN1" time="0.013" classname="Com.LearnMaven.NewTest"/>
  <testcase name="RUN3" time="0.001" classname="Com.LearnMaven.NewTest"/>
</testsuite> <!-- Com.LearnMaven.NewTest -->
