<?xml version="1.0" encoding="UTF-8"?>
<!-- Generated by org.testng.reporters.JUnitReportReporter -->
<testsuite hostname="com-umesh" name="Com.LearnMaven.NewTest" tests="1" failures="0" timestamp="20 Feb 2019 19:03:30 GMT" time="2.778" errors="0">
  <testcase name="RUN1" time="2.778" classname="Com.LearnMaven.NewTest"/>
</testsuite> <!-- Com.LearnMaven.NewTest -->
