<?xml version="1.0" encoding="UTF-8"?>
<!-- Generated by org.testng.reporters.JUnitReportReporter -->
<testsuite hostname="com-umesh" name="Com.LearnMaven.NewTest" tests="1" failures="0" timestamp="15 Jan 2019 20:17:09 GMT" time="10.409" errors="0">
  <testcase name="RUN1" time="10.409" classname="Com.LearnMaven.NewTest"/>
</testsuite> <!-- Com.LearnMaven.NewTest -->
